Build started 2020-01-17 13:46:19.
     1>Project "C:\Users\User\documents\visual studio 2013\Projects\JAApp\JADll\JADll.vcxproj" on node 2 (Build target(s)).
     1>_MASM:
         Assembling mojadll.asm...
         cmd.exe /C "C:\Users\User\AppData\Local\Temp\tmpe2a118a177d244e8b0f5499df8b81fae.cmd"
         ml.exe /c /nologo /Zi /Fo"Debug\mojadll.obj" /W3 /errorReport:prompt  /Tamojadll.asm
     1>mojadll.asm(23): error A2085: instruction or register not accepted in current CPU mode
     1>mojadll.asm(31): error A2008: syntax error : cdqe
     1>mojadll.asm(36): error A2008: syntax error : cdqe
     1>mojadll.asm(41): error A2085: instruction or register not accepted in current CPU mode
     1>mojadll.asm(42): error A2085: instruction or register not accepted in current CPU mode
     1>mojadll.asm(43): error A2085: instruction or register not accepted in current CPU mode
     1>mojadll.asm(44): error A2085: instruction or register not accepted in current CPU mode
     1>mojadll.asm(18): error A2006: undefined symbol : rbp
     1>mojadll.asm(19): error A2006: undefined symbol : rbp
     1>mojadll.asm(21): error A2006: undefined symbol : rsi
     1>mojadll.asm(22): error A2006: undefined symbol : rdx
     1>mojadll.asm(24): error A2006: undefined symbol : rbp
     1>mojadll.asm(26): error A2006: undefined symbol : rbp
     1>mojadll.asm(28): error A2006: undefined symbol : rbp
     1>mojadll.asm(30): error A2006: undefined symbol : rbp
     1>mojadll.asm(32): error A2006: undefined symbol : rdx
     1>mojadll.asm(33): error A2006: undefined symbol : rax
     1>mojadll.asm(34): error A2006: undefined symbol : rdx
     1>mojadll.asm(35): error A2006: undefined symbol : rbp
     1>mojadll.asm(37): error A2006: undefined symbol : rcx
     1>mojadll.asm(38): error A2006: undefined symbol : rax
     1>mojadll.asm(39): error A2006: undefined symbol : rax
     1>mojadll.asm(40): error A2006: undefined symbol : rax
     1>mojadll.asm(45): error A2006: undefined symbol : rdx
     1>mojadll.asm(46): error A2006: undefined symbol : rbp
     1>mojadll.asm(49): error A2006: undefined symbol : rax
     1>mojadll.asm(50): error A2006: undefined symbol : rbp
     1>mojadll.asm(14): warning A6004: procedure argument or local not referenced : hInstDLL
     1>mojadll.asm(14): warning A6004: procedure argument or local not referenced : reason
     1>mojadll.asm(14): warning A6004: procedure argument or local not referenced : reserved1
     1>mojadll.asm(52): warning A6004: procedure argument or local not referenced : inArray
     1>mojadll.asm(52): warning A6004: procedure argument or local not referenced : outArray
     1>mojadll.asm(52): warning A6004: procedure argument or local not referenced : mult
     1>C:\Program Files (x86)\MSBuild\Microsoft.Cpp\v4.0\V120\BuildCustomizations\masm.targets(50,5): error MSB3721: The command "ml.exe /c /nologo /Zi /Fo"Debug\mojadll.obj" /W3 /errorReport:prompt  /Tamojadll.asm" exited with code 1.
     1>Done Building Project "C:\Users\User\documents\visual studio 2013\Projects\JAApp\JADll\JADll.vcxproj" (Build target(s)) -- FAILED.

Build FAILED.

Time Elapsed 00:00:02.14
